[0.041s] Invoking command in '/home/usuario/Documentos/GitHub/IR2117/tb3_ws/build/olympic': CMAKE_PREFIX_PATH=${CMAKE_PREFIX_PATH}:/opt/ros/foxy /usr/bin/cmake --build /home/usuario/Documentos/GitHub/IR2117/tb3_ws/build/olympic -- -j6 -l6
[0.080s] [ 50%] [32mBuilding CXX object CMakeFiles/rings.dir/src/rings.cpp.o[0m
[1.074s] [01m[K/home/usuario/Documentos/GitHub/IR2117/tb3_ws/src/olympic/src/rings.cpp:[m[K In function â€˜[01m[Kint main(int, char**)[m[Kâ€™:
[1.074s] [01m[K/home/usuario/Documentos/GitHub/IR2117/tb3_ws/src/olympic/src/rings.cpp:71:40:[m[K [01;31m[Kerror: [m[Kâ€˜[01m[Kradius[m[Kâ€™ was not declared in this scope
[1.074s]    71 |   std::vector<double> x = {5.5, (5.5-2*[01;31m[Kradius[m[K), (5.5+2*radius), (5.5-radius), (5.5+radius)};
[1.074s]       |                                        [01;31m[K^~~~~~[m[K
[1.074s] [01m[K/home/usuario/Documentos/GitHub/IR2117/tb3_ws/src/olympic/src/rings.cpp:71:91:[m[K [01;31m[Kerror: [m[Kcould not convert â€˜[01m[K{5.5e+0, <expression error>, <expression error>, <expression error>, <expression error>}[m[Kâ€™ from â€˜[01m[K<brace-enclosed initializer list>[m[Kâ€™ to â€˜[01m[Kstd::vector<double, std::allocator<double> >[m[Kâ€™
[1.074s]    71 | 5, (5.5-2*radius), (5.5+2*radius), (5.5-radius), (5.5+radius)[01;31m[K}[m[K;
[1.075s]       |                                                              [01;31m[K^[m[K
[1.075s]       |                                                              [01;31m[K|[m[K
[1.075s]       |                                                              [01;31m[K<brace-enclosed initializer list>[m[K
[1.075s] 
[1.075s] [01m[K/home/usuario/Documentos/GitHub/IR2117/tb3_ws/src/olympic/src/rings.cpp:72:69:[m[K [01;31m[Kerror: [m[Kcould not convert â€˜[01m[K{5.5e+0, 5.5e+0, 5.5e+0, <expression error>, <expression error>}[m[Kâ€™ from â€˜[01m[K<brace-enclosed initializer list>[m[Kâ€™ to â€˜[01m[Kstd::vector<double, std::allocator<double> >[m[Kâ€™
[1.075s]    72 |   std::vector<double> y = {5.5, 5.5, 5.5, (5.5-radius), (5.5-radius)[01;31m[K}[m[K;
[1.075s]       |                                                                     [01;31m[K^[m[K
[1.075s]       |                                                                     [01;31m[K|[m[K
[1.075s]       |                                                                     [01;31m[K<brace-enclosed initializer list>[m[K
[1.077s] [01m[K/home/usuario/Documentos/GitHub/IR2117/tb3_ws/src/olympic/src/rings.cpp:93:14:[m[K [01;31m[Kerror: [m[Kâ€˜[01m[Kusing element_type = struct turtlesim::srv::SetPen_Request_<std::allocator<void> >[m[Kâ€™ {aka â€˜[01m[Kstruct turtlesim::srv::SetPen_Request_<std::allocator<void> >[m[Kâ€™} has no member named â€˜[01m[Kred[m[Kâ€™
[1.077s]    93 |     request->[01;31m[Kred[m[K = red[i];
[1.077s]       |              [01;31m[K^~~[m[K
[1.077s] [01m[K/home/usuario/Documentos/GitHub/IR2117/tb3_ws/src/olympic/src/rings.cpp:94:14:[m[K [01;31m[Kerror: [m[Kâ€˜[01m[Kusing element_type = struct turtlesim::srv::SetPen_Request_<std::allocator<void> >[m[Kâ€™ {aka â€˜[01m[Kstruct turtlesim::srv::SetPen_Request_<std::allocator<void> >[m[Kâ€™} has no member named â€˜[01m[Kgreen[m[Kâ€™
[1.077s]    94 |     request->[01;31m[Kgreen[m[K = green[i];
[1.077s]       |              [01;31m[K^~~~~[m[K
[1.077s] [01m[K/home/usuario/Documentos/GitHub/IR2117/tb3_ws/src/olympic/src/rings.cpp:95:14:[m[K [01;31m[Kerror: [m[Kâ€˜[01m[Kusing element_type = struct turtlesim::srv::SetPen_Request_<std::allocator<void> >[m[Kâ€™ {aka â€˜[01m[Kstruct turtlesim::srv::SetPen_Request_<std::allocator<void> >[m[Kâ€™} has no member named â€˜[01m[Kblue[m[Kâ€™
[1.077s]    95 |     request->[01;31m[Kblue[m[K = blue[i];
[1.077s]       |              [01;31m[K^~~~[m[K
[1.085s] [01m[K/home/usuario/Documentos/GitHub/IR2117/tb3_ws/src/olympic/src/rings.cpp:24:7:[m[K [01;35m[Kwarning: [m[Kunused variable â€˜[01m[Kpublish_count[m[Kâ€™ [[01;35m[K-Wunused-variable[m[K]
[1.085s]    24 |  auto [01;35m[Kpublish_count[m[K = 0;
[1.085s]       |       [01;35m[K^~~~~~~~~~~~~[m[K
[1.085s] [01m[K/home/usuario/Documentos/GitHub/IR2117/tb3_ws/src/olympic/src/rings.cpp:27:9:[m[K [01;35m[Kwarning: [m[Kunused variable â€˜[01m[Kradius_length[m[Kâ€™ [[01;35m[K-Wunused-variable[m[K]
[1.085s]    27 |  double [01;35m[Kradius_length[m[K = node->get_parameter("radius_length").get_parameter_value().get<double>();
[1.085s]       |         [01;35m[K^~~~~~~~~~~~~[m[K
[1.085s] [01m[K/home/usuario/Documentos/GitHub/IR2117/tb3_ws/src/olympic/src/rings.cpp:118:1:[m[K [01;31m[Kerror: [m[Kexpected â€˜[01m[K}[m[Kâ€™ at end of input
[1.086s]   118 | [01;31m[K}[m[K
[1.086s]       | [01;31m[K^[m[K
[1.086s] [01m[K/home/usuario/Documentos/GitHub/IR2117/tb3_ws/src/olympic/src/rings.cpp:17:1:[m[K [01;36m[Knote: [m[Kto match this â€˜[01m[K{[m[Kâ€™
[1.086s]    17 | [01;36m[K{[m[K
[1.086s]       | [01;36m[K^[m[K
[2.071s] make[2]: *** [CMakeFiles/rings.dir/build.make:63: CMakeFiles/rings.dir/src/rings.cpp.o] Error 1
[2.071s] make[1]: *** [CMakeFiles/Makefile2:78: CMakeFiles/rings.dir/all] Error 2
[2.072s] make: *** [Makefile:141: all] Error 2
