[0.052s] Invoking command in '/home/adri/Documentos/GitHub/IR2117/tb3_ws/build/olympic': CMAKE_PREFIX_PATH=/home/adri/Documentos/GitHub/IR2117/tb3_ws/install/olympic_interfaces:/home/adri/Documentos/GitHub/IR2117/tb3_ws/install/olympic:/home/adri/Documentos/GitHub/IR2117/tb3_ws/install/robot_trajectory:/opt/ros/foxy LD_LIBRARY_PATH=/home/adri/Documentos/GitHub/IR2117/tb3_ws/install/olympic_interfaces/lib:${LD_LIBRARY_PATH} PYTHONPATH=/home/adri/Documentos/GitHub/IR2117/tb3_ws/install/olympic_interfaces/lib/python3.8/site-packages:${PYTHONPATH} /usr/bin/cmake --build /home/adri/Documentos/GitHub/IR2117/tb3_ws/build/olympic -- -j3 -l3
[0.112s] -- Found ament_cmake: 0.9.11 (/opt/ros/foxy/share/ament_cmake/cmake)
[0.146s] -- Using PYTHON_EXECUTABLE: /usr/bin/python3
[0.423s] -- Found rclcpp: 2.4.2 (/opt/ros/foxy/share/rclcpp/cmake)
[0.476s] -- Using all available rosidl_typesupport_c: rosidl_typesupport_fastrtps_c;rosidl_typesupport_introspection_c
[0.481s] -- Found rosidl_adapter: 1.3.0 (/opt/ros/foxy/share/rosidl_adapter/cmake)
[0.643s] -- Using all available rosidl_typesupport_cpp: rosidl_typesupport_fastrtps_cpp;rosidl_typesupport_introspection_cpp
[0.715s] -- Found rmw_implementation_cmake: 1.0.4 (/opt/ros/foxy/share/rmw_implementation_cmake/cmake)
[0.717s] -- Using RMW implementation 'rmw_fastrtps_cpp' as default
[0.896s] -- Found geometry_msgs: 2.0.5 (/opt/ros/foxy/share/geometry_msgs/cmake)
[0.948s] -- Found turtlesim: 1.2.6 (/opt/ros/foxy/share/turtlesim/cmake)
[1.092s] -- Found rclcpp_action: 2.4.2 (/opt/ros/foxy/share/rclcpp_action/cmake)
[1.133s] -- Found rclcpp_components: 2.4.2 (/opt/ros/foxy/share/rclcpp_components/cmake)
[1.211s] -- Found olympic_interfaces: 0.0.0 (/home/adri/Documentos/GitHub/IR2117/tb3_ws/install/olympic_interfaces/share/olympic_interfaces/cmake)
[1.293s] -- Found ament_lint_auto: 0.9.8 (/opt/ros/foxy/share/ament_lint_auto/cmake)
[1.393s] -- Added test 'copyright' to check source files copyright and LICENSE
[1.395s] -- Added test 'cppcheck' to perform static code analysis on C / C++ code
[1.396s] -- Configured cppcheck include dirs: $<BUILD_INTERFACE:/home/adri/Documentos/GitHub/IR2117/tb3_ws/src/olympic/include>
[1.396s] -- Configured cppcheck exclude dirs and/or files: 
[1.397s] -- Added test 'cpplint' to check C / C++ code against the Google style
[1.398s] -- Configured cpplint exclude dirs and/or files: 
[1.398s] -- Added test 'flake8' to check Python code syntax and style conventions
[1.400s] -- Added test 'lint_cmake' to check CMake code style
[1.401s] -- Added test 'pep257' to check Python code against some of the style conventions in PEP 257
[1.402s] -- Added test 'uncrustify' to check C / C++ code style
[1.402s] -- Configured uncrustify additional arguments: 
[1.403s] -- Added test 'xmllint' to check XML markup files
[1.407s] -- Configuring done
[1.446s] -- Generating done
[1.454s] -- Build files have been written to: /home/adri/Documentos/GitHub/IR2117/tb3_ws/build/olympic
[1.498s] [35m[1mScanning dependencies of target action_client[0m
[1.499s] [35m[1mScanning dependencies of target action_server[0m
[1.530s] [ 33%] Built target rings
[1.555s] [ 50%] [32mBuilding CXX object CMakeFiles/action_client.dir/src/action_client.cpp.o[0m
[1.567s] [ 66%] [32mBuilding CXX object CMakeFiles/action_server.dir/src/action_server.cpp.o[0m
[3.725s] In file included from [01m[K/opt/ros/foxy/include/rclcpp/client.hpp:40[m[K,
[3.725s]                  from [01m[K/opt/ros/foxy/include/rclcpp/callback_group.hpp:23[m[K,
[3.725s]                  from [01m[K/opt/ros/foxy/include/rclcpp/any_executable.hpp:20[m[K,
[3.725s]                  from [01m[K/opt/ros/foxy/include/rclcpp/memory_strategy.hpp:24[m[K,
[3.726s]                  from [01m[K/opt/ros/foxy/include/rclcpp/memory_strategies.hpp:18[m[K,
[3.726s]                  from [01m[K/opt/ros/foxy/include/rclcpp/executor_options.hpp:20[m[K,
[3.726s]                  from [01m[K/opt/ros/foxy/include/rclcpp/executor.hpp:33[m[K,
[3.726s]                  from [01m[K/opt/ros/foxy/include/rclcpp/executors/multi_threaded_executor.hpp:26[m[K,
[3.726s]                  from [01m[K/opt/ros/foxy/include/rclcpp/executors.hpp:21[m[K,
[3.726s]                  from [01m[K/opt/ros/foxy/include/rclcpp/rclcpp.hpp:146[m[K,
[3.726s]                  from [01m[K/home/adri/Documentos/GitHub/IR2117/tb3_ws/src/olympic/src/action_client.cpp:4[m[K:
[3.726s] [01m[K/home/adri/Documentos/GitHub/IR2117/tb3_ws/src/olympic/src/action_client.cpp:[m[K In function â€˜[01m[Kvoid feedback_callback(rclcpp_action::ClientGoalHandle<olympic_interfaces::action::Rings>::SharedPtr, std::shared_ptr<const olympic_interfaces::action::Rings_Feedback_<std::allocator<void> > >)[m[Kâ€™:
[3.726s] [01m[K/home/adri/Documentos/GitHub/IR2117/tb3_ws/src/olympic/src/action_client.cpp:23:15:[m[K [01;31m[Kerror: [m[Kâ€˜[01m[Kusing element_type = const struct olympic_interfaces::action::Rings_Feedback_<std::allocator<void> >[m[Kâ€™ {aka â€˜[01m[Kconst struct olympic_interfaces::action::Rings_Feedback_<std::allocator<void> >[m[Kâ€™} has no member named â€˜[01m[Kpartial_sequence[m[Kâ€™
[3.726s]    23 |     feedback->[01;31m[Kpartial_sequence[m[K.back());
[3.726s]       |               [01;31m[K^~~~~~~~~~~~~~~~[m[K
[3.747s] [01m[K/home/adri/Documentos/GitHub/IR2117/tb3_ws/src/olympic/src/action_client.cpp:[m[K In function â€˜[01m[Kint main(int, char**)[m[Kâ€™:
[3.747s] [01m[K/home/adri/Documentos/GitHub/IR2117/tb3_ws/src/olympic/src/action_client.cpp:40:12:[m[K [01;31m[Kerror: [m[Kâ€˜[01m[Kstruct olympic_interfaces::action::Rings_Goal_<std::allocator<void> >[m[Kâ€™ has no member named â€˜[01m[Korder[m[Kâ€™
[3.747s]    40 |   goal_msg.[01;31m[Korder[m[K = 10;
[3.747s]       |            [01;31m[K^~~~~[m[K
[3.765s] [01m[K/home/adri/Documentos/GitHub/IR2117/tb3_ws/src/olympic/src/action_client.cpp:85:22:[m[K [01;31m[Kerror: [m[Kâ€˜[01m[Kwrapped_result[m[Kâ€™ was not declared in this scope
[3.765s]    85 |   for (auto number : [01;31m[Kwrapped_result[m[K.result->sequence) {
[3.765s]       |                      [01;31m[K^~~~~~~~~~~~~~[m[K
[5.752s] make[2]: *** [CMakeFiles/action_client.dir/build.make:63: CMakeFiles/action_client.dir/src/action_client.cpp.o] Error 1
[5.753s] make[1]: *** [CMakeFiles/Makefile2:82: CMakeFiles/action_client.dir/all] Error 2
[5.753s] make[1]: *** Waiting for unfinished jobs....
[9.929s] [ 83%] [32m[1mLinking CXX executable action_server[0m
[10.322s] [ 83%] Built target action_server
[10.324s] make: *** [Makefile:141: all] Error 2
[10.328s] Invoked command in '/home/adri/Documentos/GitHub/IR2117/tb3_ws/build/olympic' returned '2': CMAKE_PREFIX_PATH=/home/adri/Documentos/GitHub/IR2117/tb3_ws/install/olympic_interfaces:/home/adri/Documentos/GitHub/IR2117/tb3_ws/install/olympic:/home/adri/Documentos/GitHub/IR2117/tb3_ws/install/robot_trajectory:/opt/ros/foxy LD_LIBRARY_PATH=/home/adri/Documentos/GitHub/IR2117/tb3_ws/install/olympic_interfaces/lib:${LD_LIBRARY_PATH} PYTHONPATH=/home/adri/Documentos/GitHub/IR2117/tb3_ws/install/olympic_interfaces/lib/python3.8/site-packages:${PYTHONPATH} /usr/bin/cmake --build /home/adri/Documentos/GitHub/IR2117/tb3_ws/build/olympic -- -j3 -l3
